<?xml version="1.0" encoding="UTF-8" ?>
<testsuite errors="0" failures="0" hostname="ETHEM" name="EventTest" skipped="0" tests="1" time="0.203" timestamp="2017-07-31T11:15:23">
  <properties>
    <property name="java.vendor" value="Oracle Corporation" />
    <property name="sun.java.launcher" value="SUN_STANDARD" />
    <property name="sun.management.compiler" value="HotSpot 64-Bit Tiered Compilers" />
    <property name="dist" value="E:\Users\İbrahim\Desktop\Staj\WorkSpace\RMI-GUI\dist" />
    <property name="os.name" value="Windows 10" />
    <property name="sun.boot.class.path" value="C:\Program Files\Java\jre1.8.0_131\lib\resources.jar;C:\Program Files\Java\jre1.8.0_131\lib\rt.jar;C:\Program Files\Java\jre1.8.0_131\lib\sunrsasign.jar;C:\Program Files\Java\jre1.8.0_131\lib\jsse.jar;C:\Program Files\Java\jre1.8.0_131\lib\jce.jar;C:\Program Files\Java\jre1.8.0_131\lib\charsets.jar;C:\Program Files\Java\jre1.8.0_131\lib\jfr.jar;C:\Program Files\Java\jre1.8.0_131\classes" />
    <property name="TODAY" value="July 31 2017" />
    <property name="report" value="E:\Users\İbrahim\Desktop\Staj\WorkSpace\RMI-GUI\reports" />
    <property name="sun.desktop" value="windows" />
    <property name="java.vm.specification.vendor" value="Oracle Corporation" />
    <property name="ant.home" value="C:\Users\İbrahim\.p2\pool\plugins\org.apache.ant_1.9.6.v201510161327" />
    <property name="java.runtime.version" value="1.8.0_131-b11" />
    <property name="user.name" value="˜brahim" />
    <property name="user.language" value="tr" />
    <property name="build" value="E:\Users\İbrahim\Desktop\Staj\WorkSpace\RMI-GUI\build" />
    <property name="sun.boot.library.path" value="C:\Program Files\Java\jre1.8.0_131\bin" />
    <property name="ant.project.default-target" value="main" />
    <property name="ant.project.name" value="MyProject" />
    <property name="DSTAMP" value="20170731" />
    <property name="java.version" value="1.8.0_131" />
    <property name="user.timezone" value="" />
    <property name="ant.file.MyProject" value="E:\Users\İbrahim\Desktop\Staj\WorkSpace\RMI-GUI\build.xml" />
    <property name="sun.arch.data.model" value="64" />
    <property name="java.endorsed.dirs" value="C:\Program Files\Java\jre1.8.0_131\lib\endorsed" />
    <property name="sun.cpu.isalist" value="amd64" />
    <property name="sun.jnu.encoding" value="Cp1254" />
    <property name="file.encoding.pkg" value="sun.io" />
    <property name="file.separator" value="\" />
    <property name="java.specification.name" value="Java Platform API Specification" />
    <property name="java.class.version" value="52.0" />
    <property name="src" value="E:\Users\İbrahim\Desktop\Staj\WorkSpace\RMI-GUI\src" />
    <property name="buildtest" value="E:\Users\İbrahim\Desktop\Staj\WorkSpace\RMI-GUI\build\test" />
    <property name="user.country" value="TR" />
    <property name="java.home" value="C:\Program Files\Java\jre1.8.0_131" />
    <property name="java.vm.info" value="mixed mode" />
    <property name="ant.file" value="E:\Users\İbrahim\Desktop\Staj\WorkSpace\RMI-GUI\build.xml" />
    <property name="os.version" value="10.0" />
    <property name="path.separator" value=";" />
    <property name="java.vm.version" value="25.131-b11" />
    <property name="user.variant" value="" />
    <property name="ant.library.dir" value="C:\Users\İbrahim\.p2\pool\plugins\org.apache.ant_1.9.6.v201510161327\lib" />
    <property name="ant.file.type.MyProject" value="file" />
    <property name="java.awt.printerjob" value="sun.awt.windows.WPrinterJob" />
    <property name="sun.io.unicode.encoding" value="UnicodeLittle" />
    <property name="awt.toolkit" value="sun.awt.windows.WToolkit" />
    <property name="user.script" value="" />
    <property name="user.home" value="C:\Users\İbrahim" />
    <property name="java.specification.vendor" value="Oracle Corporation" />
    <property name="java.library.path" value="C:\Program Files\Java\jre1.8.0_131\bin;C:\WINDOWS\Sun\Java\bin;C:\WINDOWS\system32;C:\WINDOWS;C:/Program Files/Java/jre1.8.0_131/bin/server;C:/Program Files/Java/jre1.8.0_131/bin;C:/Program Files/Java/jre1.8.0_131/lib/amd64;C:\ProgramData\Oracle\Java\javapath;C:\Program Files\Java\jdk1.8.0_131;C:\JavaEclipse\apache-ant-1.10.1\bin;C:\JUnit\junit-4.10.jar;C:\Program Files (x86)\Intel\iCLS Client\;C:\Program Files\Intel\iCLS Client\;C:\Windows\system32;C:\Windows;C:\Windows\System32\Wbem;C:\Windows\System32\WindowsPowerShell\v1.0\;C:\Program Files\Intel\Intel(R) Management Engine Components\DAL;C:\Program Files\Intel\Intel(R) Management Engine Components\IPT;C:\Program Files (x86)\Intel\Intel(R) Management Engine Components\DAL;C:\Program Files (x86)\Intel\Intel(R) Management Engine Components\IPT;C:\Program Files (x86)\NVIDIA Corporation\PhysX\Common;C:\WINDOWS\system32;C:\WINDOWS;C:\WINDOWS\System32\Wbem;C:\WINDOWS\System32\WindowsPowerShell\v1.0\;C:\Program Files (x86)\Windows Kits\10\Windows Performance Toolkit\;C:\Program Files (x86)\Windows Live\Shared;C:\Program Files\Novell\iPrint;C:\Program Files\Git\cmd;C:\Users\˜brahim\AppData\Local\Microsoft\WindowsApps;;E:\Users\˜brahim\Desktop;;." />
    <property name="java.vendor.url" value="http://java.oracle.com/" />
    <property name="testdir" value="E:\Users\İbrahim\Desktop\Staj\WorkSpace\RMI-GUI\src" />
    <property name="java.vm.vendor" value="Oracle Corporation" />
    <property name="java.runtime.name" value="Java(TM) SE Runtime Environment" />
    <property name="sun.java.command" value="org.apache.tools.ant.taskdefs.optional.junit.JUnitTestRunner EventTest skipNonTests=false filtertrace=true haltOnError=false haltOnFailure=false formatter=org.apache.tools.ant.taskdefs.optional.junit.SummaryJUnitResultFormatter showoutput=true outputtoformatters=true logfailedtests=true threadid=0 logtestlistenerevents=false formatter=org.apache.tools.ant.taskdefs.optional.junit.XMLJUnitResultFormatter,E:\Users\İbrahim\Desktop\Staj\WorkSpace\RMI-GUI\reports\TEST-EventTest.xml crashfile=E:\Users\İbrahim\Desktop\Staj\WorkSpace\RMI-GUI\junitvmwatcher3355966471174556882.properties propsfile=E:\Users\İbrahim\Desktop\Staj\WorkSpace\RMI-GUI\junit7913849838118146266.properties" />
    <property name="java.class.path" value="E:\Users\İbrahim\Desktop\Staj\WorkSpace\RMI-GUI\lib\junit-4.10.jar;E:\Users\İbrahim\Desktop\Staj\WorkSpace\RMI-GUI\src;E:\Users\İbrahim\Desktop\Staj\WorkSpace\RMI-GUI\build\test;C:\Users\İbrahim\.p2\pool\plugins\org.apache.ant_1.9.6.v201510161327\lib\ant-launcher.jar;C:\Users\İbrahim\.p2\pool\plugins\org.apache.ant_1.9.6.v201510161327\lib\ant.jar;C:\Users\İbrahim\.p2\pool\plugins\org.apache.ant_1.9.6.v201510161327\lib\ant-junit.jar;C:\Users\İbrahim\.p2\pool\plugins\org.apache.ant_1.9.6.v201510161327\lib\ant-junit4.jar" />
    <property name="ant.version" value="Apache Ant(TM) version 1.9.6 compiled on June 29 2015" />
    <property name="TSTAMP" value="1415" />
    <property name="java.vm.specification.name" value="Java Virtual Machine Specification" />
    <property name="java.vm.specification.version" value="1.8" />
    <property name="sun.cpu.endian" value="little" />
    <property name="sun.os.patch.level" value="" />
    <property name="java.io.tmpdir" value="C:\Users\BRAHIM~1\AppData\Local\Temp\" />
    <property name="java.vendor.url.bug" value="http://bugreport.sun.com/bugreport/" />
    <property name="os.arch" value="amd64" />
    <property name="java.awt.graphicsenv" value="sun.awt.Win32GraphicsEnvironment" />
    <property name="java.ext.dirs" value="C:\Program Files\Java\jre1.8.0_131\lib\ext;C:\WINDOWS\Sun\Java\lib\ext" />
    <property name="user.dir" value="E:\Users\İbrahim\Desktop\Staj\WorkSpace\RMI-GUI" />
    <property name="line.separator" value="&#xd;&#xa;" />
    <property name="java.vm.name" value="Java HotSpot(TM) 64-Bit Server VM" />
    <property name="basedir" value="E:\Users\İbrahim\Desktop\Staj\WorkSpace\RMI-GUI" />
    <property name="ant.java.version" value="1.8" />
    <property name="ant.core.lib" value="C:\Users\İbrahim\.p2\pool\plugins\org.apache.ant_1.9.6.v201510161327\lib\ant.jar" />
    <property name="file.encoding" value="Cp1254" />
    <property name="java.specification.version" value="1.8" />
    <property name="ant.project.invoked-targets" value="main" />
    <property name="encoding" value="Cp1252" />
  </properties>
  <testcase classname="EventTest" name="multiplicationtest" time="0.146" />
  <system-out><![CDATA[]]></system-out>
  <system-err><![CDATA[]]></system-err>
</testsuite>
